<?xml version="1.0" encoding="UTF-8"?>
<testng-results ignored="0" total="1" passed="1" failed="0" skipped="0">
  <reporter-output>
  </reporter-output>
  <suite started-at="2023-10-24T00:16:33 ICT" name="Default suite" finished-at="2023-10-24T00:16:50 ICT" duration-ms="16971">
    <groups>
    </groups>
    <test started-at="2023-10-24T00:16:33 ICT" name="Default test" finished-at="2023-10-24T00:16:50 ICT" duration-ms="16971">
      <class name="rise.automation.testsute.ProjectsTestAdd">
        <test-method is-config="true" signature="init()[pri:0, instance:rise.automation.testsute.ProjectsTestAdd@70e9c95d]" started-at="2023-10-24T00:16:33 ICT" name="init" finished-at="2023-10-24T00:16:45 ICT" duration-ms="12224" status="PASS">
          <reporter-output>
          </reporter-output>
        </test-method> <!-- init -->
        <test-method signature="loginSuccessfully()[pri:0, instance:rise.automation.testsute.ProjectsTestAdd@70e9c95d]" started-at="2023-10-24T00:16:45 ICT" name="loginSuccessfully" finished-at="2023-10-24T00:16:50 ICT" duration-ms="4686" status="PASS">
          <reporter-output>
          </reporter-output>
        </test-method> <!-- loginSuccessfully -->
        <test-method is-config="true" signature="closeDriver()[pri:0, instance:rise.automation.testsute.ProjectsTestAdd@70e9c95d]" started-at="2023-10-24T00:16:50 ICT" name="closeDriver" finished-at="2023-10-24T00:16:50 ICT" duration-ms="1" status="PASS">
          <reporter-output>
          </reporter-output>
        </test-method> <!-- closeDriver -->
      </class> <!-- rise.automation.testsute.ProjectsTestAdd -->
    </test> <!-- Default test -->
  </suite> <!-- Default suite -->
</testng-results>
